<?xml version="1.0" encoding="UTF-8"?>
<!-- Generated by org.testng.reporters.JUnitReportReporter -->
<testsuite hostname="LAPTOP-EIDQLPM1" failures="0" tests="2" name="testngdemo.testnglogin" time="10.764" errors="0" timestamp="2024-05-29T11:18:26 IST" skipped="0">
  <testcase classname="testngdemo.testnglogin" name="login" time="3.482"/>
  <testcase classname="testngdemo.testnglogin" name="login" time="7.282"/>
</testsuite> <!-- testngdemo.testnglogin -->
